ad 0 2 1
 *  0  a  0 
 0  0  d  0 
 0  0  *  0 
 0  0  0  0 
 0  *  0  0 
antas 0 3 1
 *  0  a  a 
 0  0  d  n 
 0  0  *  t 
 0  0  0  a 
 0  *  0  s 
carn 0 1 1
 *  c  a  a 
 0  a  d  n 
 0  r  *  t 
 0  n  0  a 
 0  *  0  s 
casa 0 1 1
 *  c  a  a 
 0  a  d  n 
 0  s  *  t 
 0  a  0  a 
 0  *  0  s 
do 3 2 1
 *  c  a  a 
 0  a  d  n 
 0  s  *  t 
 0  a  d  a 
 0  *  o  s 
lado 1 0 1
 *  c  a  a 
 l  a  d  n 
 a  s  *  t 
 d  a  d  a 
 o  *  o  s 
Desempilhei!
 *  c  a  a 
 0  a  d  n 
 0  s  *  t 
 0  a  d  a 
 0  *  o  s 
Desempilhei!
 *  c  a  a 
 0  a  d  n 
 0  s  *  t 
 0  a  0  a 
 0  *  0  s 
Desempilhei!
 *  0  a  a 
 0  0  d  n 
 0  0  *  t 
 0  0  0  a 
 0  *  0  s 
casa 1 0 1
 *  0  a  a 
 c  0  d  n 
 a  0  *  t 
 s  0  0  a 
 a  *  0  s 
os 3 2 1
 *  0  a  a 
 c  0  d  n 
 a  0  *  t 
 s  0  o  a 
 a  *  s  s 
soda 0 1 1
 *  s  a  a 
 c  o  d  n 
 a  d  *  t 
 s  a  o  a 
 a  *  s  s 
Desempilhei!
 *  0  a  a 
 c  0  d  n 
 a  0  *  t 
 s  0  o  a 
 a  *  s  s 
Desempilhei!
 *  0  a  a 
 c  0  d  n 
 a  0  *  t 
 s  0  0  a 
 a  *  0  s 
os 4 2 0
 *  0  a  a 
 c  0  d  n 
 a  0  *  t 
 s  0  0  a 
 a  *  o  s 
Desempilhei!
 *  0  a  a 
 c  0  d  n 
 a  0  *  t 
 s  0  0  a 
 a  *  0  0 
Desempilhei!
 *  0  a  a 
 0  0  d  n 
 0  0  *  t 
 0  0  0  a 
 0  *  0  0 
casa 3 0 0
 *  0  a  a 
 0  0  d  n 
 0  0  *  t 
 c  a  s  a 
 0  *  0  0 
0 4 0 0
 *  0  a  a 
 0  0  d  n 
 0  0  *  t 
 c  a  s  a 
 0  *  0  0 
0 4 0 0
 *  0  a  a 
 0  0  d  n 
 0  0  *  t 
 c  a  s  a 
 0  *  0  0 
0 4 0 0
 *  0  a  a 
 0  0  d  n 
 0  0  *  t 
 c  a  s  a 
 0  *  0  0 
0 4 0 0
 *  0  a  a 
 0  0  d  n 
 0  0  *  t 
 c  a  s  a 
 0  *  0  0 
0 4 0 0
 *  0  a  a 
 0  0  d  n 
 0  0  *  t 
 c  a  s  a 
 0  *  0  0 
0 4 0 0
 *  0  a  a 
 0  0  d  n 
 0  0  *  t 
 c  a  s  a 
 0  *  0  0